{
  "RSpec": {
    "coverage": {
      "/Users/kade/Desktop/autograder/app/helpers/application_helper.rb": [
        1,
        null,
        null,
        1,
        null,
        1,
        null,
        null,
        null
      ],
      "/Users/kade/Desktop/autograder/app/helpers/html_helper.rb": [
        1,
        null,
        null,
        1,
        null,
        1,
        0,
        0,
        0,
        0,
        null,
        0,
        null,
        0,
        null,
        null,
        null
      ],
      "/Users/kade/Desktop/autograder/app/helpers/login_helper.rb": [
        1,
        null,
        1,
        1,
        null,
        null,
        1,
        1,
        null,
        null,
        1,
        11,
        null,
        null,
        1,
        1,
        null,
        null,
        1,
        1,
        null,
        null,
        1,
        3,
        null,
        null,
        null
      ],
      "/Users/kade/Desktop/autograder/app/helpers/problems_helper.rb": [
        1,
        1,
        1,
        null,
        1,
        null,
        1,
        11,
        null,
        11,
        null,
        null,
        11,
        11,
        11,
        11,
        11,
        11,
        null,
        8,
        8,
        null,
        6,
        6,
        1,
        null,
        5,
        null,
        3,
        null,
        0,
        0,
        null,
        8,
        8,
        null,
        null,
        8,
        5,
        null,
        3,
        3,
        3,
        null,
        null,
        8,
        7,
        null,
        null,
        0,
        null,
        11,
        null,
        8,
        null,
        null,
        1,
        1,
        11,
        null,
        null,
        1,
        15,
        11,
        4,
        3,
        null,
        null,
        null,
        null,
        null,
        1,
        8,
        1,
        7,
        1,
        null,
        6,
        null,
        null,
        null,
        1,
        5,
        5,
        5,
        5,
        5,
        null,
        null,
        1,
        12,
        0,
        0,
        null,
        null,
        null,
        12,
        12,
        5,
        null,
        7,
        null,
        null,
        0,
        0,
        null,
        0,
        null,
        null,
        null,
        null,
        1,
        5,
        null,
        5,
        5,
        null,
        null,
        5,
        null,
        5,
        5,
        4,
        4,
        null,
        1,
        1,
        null,
        5,
        null,
        null,
        1,
        7,
        null,
        7,
        null,
        4,
        4,
        null,
        3,
        null,
        null,
        7,
        7,
        7,
        7,
        null,
        7,
        7,
        null,
        null,
        7,
        null,
        7,
        7,
        7,
        7,
        5,
        3,
        null,
        2,
        null,
        5,
        5,
        null,
        1,
        1,
        1,
        null,
        1,
        1,
        1,
        null,
        7,
        null,
        7,
        null,
        null
      ],
      "/Users/kade/Desktop/autograder/app/helpers/quiz_free_response_questions_helper.rb": [
        1,
        null
      ],
      "/Users/kade/Desktop/autograder/app/helpers/quiz_multiple_choice_questions_helper.rb": [
        1,
        null
      ],
      "/Users/kade/Desktop/autograder/app/helpers/quiz_questions_helper.rb": [
        1,
        1,
        0,
        0,
        0,
        0,
        null,
        0,
        null,
        null,
        1,
        0,
        0,
        0,
        0,
        null,
        0,
        null,
        null,
        null,
        1,
        0,
        null,
        null
      ],
      "/Users/kade/Desktop/autograder/app/helpers/quiz_submissions_helper.rb": [
        1,
        null
      ],
      "/Users/kade/Desktop/autograder/app/helpers/quizzes_helper.rb": [
        1,
        1,
        0,
        null,
        null
      ],
      "/Users/kade/Desktop/autograder/app/helpers/submissions_helper.rb": [
        1,
        null
      ],
      "/Users/kade/Desktop/autograder/app/controllers/application_controller.rb": [
        1,
        null,
        1,
        null,
        null,
        null,
        1,
        null,
        null,
        1,
        null,
        12,
        1,
        null,
        null,
        11,
        1,
        null,
        null,
        null,
        1,
        null,
        null,
        null,
        null
      ],
      "/Users/kade/Desktop/autograder/app/controllers/admin/courses_controller.rb": [
        1,
        1,
        null,
        1,
        null,
        null,
        null,
        1,
        0,
        0,
        0,
        null,
        0,
        0,
        null,
        0,
        0,
        0,
        null,
        0,
        0,
        null,
        0,
        null,
        null,
        null,
        null,
        null,
        null,
        null,
        null,
        null,
        null,
        null,
        null,
        null,
        null,
        null,
        1,
        0,
        0,
        0,
        null,
        null,
        null,
        1,
        0,
        null,
        null,
        null,
        1,
        null,
        null,
        null,
        null,
        1,
        2,
        null,
        2,
        null,
        2,
        2,
        0,
        0,
        null,
        4,
        2,
        null,
        null,
        null,
        null,
        null,
        null,
        1,
        1,
        1,
        0,
        0,
        null,
        2,
        1,
        null,
        null,
        null,
        null,
        null,
        null,
        1,
        0,
        0,
        0,
        0,
        null,
        null,
        null,
        null,
        1,
        0,
        0,
        0,
        0,
        0,
        0,
        0,
        0,
        null,
        0,
        null,
        null,
        0,
        null,
        null,
        null,
        1,
        null,
        1,
        1,
        null,
        null,
        null,
        1,
        3,
        null,
        null
      ],
      "/Users/kade/Desktop/autograder/app/controllers/login_controller.rb": [
        1,
        1,
        null,
        1,
        0,
        0,
        0,
        0,
        null,
        null,
        null,
        1,
        1,
        null,
        0,
        0,
        0,
        0,
        0,
        0,
        0,
        0,
        null,
        0,
        0,
        null,
        null,
        null,
        1,
        0,
        0,
        null,
        0,
        0,
        null,
        null,
        0,
        null,
        null,
        null
      ],
      "/Users/kade/Desktop/autograder/app/controllers/admin/problems_controller.rb": [
        1,
        1,
        null,
        null,
        null,
        1,
        0,
        null,
        null,
        null,
        null,
        1,
        0,
        0,
        0,
        null,
        null,
        null,
        null,
        1,
        0,
        null,
        0,
        0,
        null,
        0,
        0,
        null,
        null,
        null,
        null,
        1,
        0,
        0,
        0,
        0,
        0,
        null,
        null,
        null,
        null,
        null,
        1,
        2,
        null,
        2,
        2,
        0,
        null,
        null,
        null,
        0,
        0,
        null,
        4,
        2,
        null,
        null,
        null,
        null,
        null,
        null,
        1,
        1,
        null,
        1,
        1,
        0,
        0,
        null,
        2,
        1,
        null,
        null,
        null,
        null,
        null,
        null,
        1,
        0,
        0,
        0,
        0,
        null,
        null,
        null,
        1,
        null,
        null,
        1,
        null,
        1,
        1,
        null,
        null,
        null,
        1,
        3,
        null,
        null,
        1,
        null,
        1,
        1,
        1,
        0,
        0,
        0,
        null,
        null,
        null,
        null
      ],
      "/Users/kade/Desktop/autograder/app/controllers/admin/students_controller.rb": [
        1,
        1,
        null,
        1,
        1,
        null,
        null,
        null,
        1,
        null,
        null,
        0,
        null,
        null,
        null,
        0,
        0,
        null,
        0,
        null,
        null,
        null,
        0,
        null,
        0,
        null,
        0,
        null,
        null,
        0,
        0,
        null,
        0,
        null,
        0,
        0,
        0,
        null,
        null,
        null,
        null,
        0,
        null,
        0,
        null,
        null,
        null,
        0,
        0,
        null,
        null,
        null,
        null,
        null,
        null,
        null,
        null,
        null,
        null,
        null,
        null,
        null,
        null,
        1,
        0,
        0,
        0,
        0,
        null,
        0,
        null,
        null,
        0,
        null,
        null,
        null,
        null,
        null,
        1,
        null,
        0,
        null,
        0,
        0,
        null,
        0,
        null,
        0,
        null,
        null,
        null,
        0,
        null,
        0,
        null,
        0,
        null,
        null,
        0,
        null,
        null,
        null,
        null,
        null,
        null,
        null,
        null,
        null,
        null,
        0,
        0,
        0,
        null,
        null,
        0,
        0,
        null,
        0,
        null,
        null,
        null,
        null,
        null,
        1,
        0,
        null,
        null,
        null,
        null,
        null,
        null,
        null,
        null,
        null,
        1,
        0,
        0,
        0,
        0,
        0,
        null,
        null,
        null,
        null,
        null,
        1,
        2,
        null,
        2,
        2,
        0,
        0,
        0,
        null,
        4,
        2,
        null,
        null,
        null,
        null,
        null,
        null,
        1,
        1,
        1,
        1,
        1,
        1,
        0,
        0,
        null,
        2,
        1,
        null,
        null,
        null,
        null,
        null,
        null,
        1,
        0,
        0,
        0,
        0,
        null,
        null,
        null,
        1,
        null,
        1,
        1,
        null,
        null,
        null,
        1,
        3,
        null,
        null,
        1,
        null,
        1,
        1,
        1,
        0,
        0,
        0,
        null,
        null,
        null,
        null
      ],
      "/Users/kade/Desktop/autograder/app/models/course_problem_relation.rb": [
        1,
        null,
        1,
        7,
        7,
        7,
        7,
        7,
        7,
        null,
        null,
        null,
        null,
        null,
        null,
        null,
        1,
        2,
        2,
        1,
        null,
        null,
        null,
        null,
        1,
        1,
        1,
        1,
        null,
        null,
        null
      ],
      "/Users/kade/Desktop/autograder/app/models/course.rb": [
        1,
        1,
        null,
        1,
        4,
        4,
        null,
        null,
        1,
        2,
        null,
        null,
        1,
        0,
        0,
        null,
        null,
        null,
        1,
        0,
        null,
        null,
        1,
        0,
        null,
        null,
        1,
        1,
        0,
        0,
        0,
        null,
        null
      ],
      "/Users/kade/Desktop/autograder/app/models/course_user_relation.rb": [
        1,
        null,
        1,
        4,
        4,
        4,
        4,
        4,
        4,
        null,
        null,
        null,
        null,
        null,
        null,
        null,
        1,
        2,
        2,
        1,
        null,
        null,
        null,
        null,
        1,
        1,
        1,
        1,
        null,
        null,
        null
      ],
      "/Users/kade/Desktop/autograder/app/models/student.rb": [
        1,
        1,
        null,
        1,
        null,
        1,
        1,
        1,
        6,
        6,
        null,
        null,
        1,
        1,
        null,
        null,
        1,
        4,
        4,
        null,
        4,
        null,
        20,
        null,
        4,
        null,
        null,
        1,
        1,
        1,
        null,
        1,
        null,
        1,
        null,
        1,
        null,
        null,
        1,
        2,
        null,
        null,
        1,
        0,
        0,
        null,
        0,
        0,
        0,
        null,
        null,
        null,
        0,
        null,
        null,
        0,
        null,
        null,
        1,
        1,
        1,
        null,
        1,
        1,
        0,
        null,
        null,
        null,
        1,
        null,
        null,
        1,
        null,
        null,
        1,
        0,
        null,
        null,
        1,
        1,
        1,
        1,
        1,
        1,
        0,
        0,
        0,
        null,
        0,
        0,
        null,
        null,
        null,
        1,
        0,
        null,
        1,
        null,
        1,
        1,
        1,
        null,
        null,
        1,
        2,
        2,
        2,
        2,
        2,
        2,
        2,
        8,
        8,
        8,
        null,
        8,
        8,
        4,
        4,
        2,
        2,
        null,
        2,
        null,
        null,
        0,
        null,
        null,
        null,
        8,
        2,
        2,
        null,
        4,
        4,
        2,
        2,
        2,
        null,
        null,
        null,
        null,
        4,
        4,
        null,
        2,
        2,
        null,
        null,
        null,
        2,
        2,
        2,
        null,
        null,
        1,
        1,
        1,
        1,
        1,
        4,
        3,
        3,
        3,
        4,
        2,
        null,
        null,
        3,
        1,
        null,
        null,
        null,
        1,
        null,
        null,
        1,
        1,
        0,
        null,
        0,
        0,
        0,
        null,
        null,
        null
      ],
      "/Users/kade/Desktop/autograder/app/models/problem.rb": [
        1,
        1,
        null,
        1,
        0,
        0,
        null,
        null,
        1,
        0,
        null,
        null,
        1,
        1,
        0,
        0,
        0,
        null,
        null
      ],
      "/Users/kade/Desktop/autograder/app/models/problem_test_case.rb": [
        1,
        null
      ],
      "/Users/kade/Desktop/autograder/app/models/submission.rb": [
        1,
        1,
        8,
        null,
        null,
        1,
        16,
        null,
        null,
        1,
        16,
        null,
        null,
        1,
        0,
        null,
        null
      ],
      "/Users/kade/Desktop/autograder/app/models/quiz_submission.rb": [
        1,
        1,
        null,
        1,
        0,
        null,
        null,
        1,
        0,
        null,
        null,
        1,
        0,
        null,
        null,
        1,
        0,
        0,
        null,
        null,
        1,
        0,
        0,
        0,
        0,
        null,
        null,
        0,
        null,
        null,
        null,
        1,
        0,
        null,
        null,
        1,
        0,
        0,
        null,
        0,
        null,
        null,
        null,
        1,
        1,
        0,
        null,
        null
      ],
      "/Users/kade/Desktop/autograder/app/models/quiz.rb": [
        1,
        1,
        null,
        1,
        0,
        null,
        null,
        1,
        0,
        null,
        null,
        1,
        0,
        0,
        0,
        0,
        null,
        null,
        0,
        null,
        null,
        1,
        0,
        0,
        null,
        null
      ]
    },
    "timestamp": 1462336564
  },
  "Cucumber Features": {
    "coverage": {
      "/Users/kade/Desktop/autograder/app/controllers/login_controller.rb": [
        1,
        1,
        null,
        1,
        43,
        1,
        42,
        1,
        null,
        null,
        null,
        1,
        39,
        null,
        39,
        14,
        14,
        14,
        25,
        24,
        24,
        24,
        null,
        1,
        1,
        null,
        null,
        null,
        1,
        2,
        1,
        null,
        2,
        1,
        null,
        null,
        2,
        null,
        null,
        null
      ],
      "/Users/kade/Desktop/autograder/app/controllers/application_controller.rb": [
        1,
        null,
        1,
        null,
        null,
        null,
        1,
        null,
        null,
        1,
        null,
        250,
        0,
        null,
        null,
        250,
        2,
        null,
        null,
        null,
        1,
        null,
        null,
        null,
        null
      ],
      "/Users/kade/Desktop/autograder/app/helpers/application_helper.rb": [
        1,
        null,
        null,
        1,
        null,
        1,
        null,
        null,
        null
      ],
      "/Users/kade/Desktop/autograder/app/helpers/html_helper.rb": [
        1,
        null,
        null,
        1,
        null,
        1,
        45,
        45,
        6,
        0,
        null,
        6,
        null,
        45,
        null,
        null,
        null
      ],
      "/Users/kade/Desktop/autograder/app/helpers/login_helper.rb": [
        1,
        null,
        1,
        14,
        null,
        null,
        1,
        1,
        null,
        null,
        1,
        557,
        null,
        null,
        1,
        24,
        null,
        null,
        1,
        1,
        null,
        null,
        1,
        922,
        null,
        null,
        null
      ],
      "/Users/kade/Desktop/autograder/app/helpers/problems_helper.rb": [
        1,
        1,
        1,
        null,
        1,
        null,
        1,
        2,
        null,
        2,
        null,
        null,
        2,
        2,
        2,
        2,
        2,
        2,
        null,
        0,
        0,
        null,
        0,
        0,
        0,
        null,
        0,
        null,
        2,
        null,
        0,
        0,
        null,
        2,
        2,
        null,
        null,
        2,
        0,
        null,
        2,
        2,
        2,
        null,
        null,
        2,
        2,
        null,
        null,
        0,
        null,
        2,
        null,
        2,
        null,
        null,
        1,
        1,
        2,
        null,
        null,
        1,
        0,
        0,
        0,
        0,
        null,
        null,
        null,
        null,
        null,
        1,
        0,
        0,
        0,
        0,
        null,
        0,
        null,
        null,
        null,
        1,
        0,
        0,
        0,
        0,
        0,
        null,
        null,
        1,
        2,
        0,
        0,
        null,
        null,
        null,
        2,
        2,
        0,
        null,
        2,
        null,
        null,
        0,
        0,
        null,
        0,
        null,
        null,
        null,
        null,
        1,
        0,
        null,
        0,
        0,
        null,
        null,
        0,
        null,
        0,
        0,
        0,
        0,
        null,
        0,
        0,
        null,
        0,
        null,
        null,
        1,
        2,
        null,
        2,
        null,
        0,
        0,
        null,
        2,
        null,
        null,
        2,
        2,
        2,
        2,
        null,
        2,
        2,
        null,
        null,
        2,
        null,
        2,
        2,
        2,
        2,
        0,
        0,
        null,
        0,
        null,
        0,
        0,
        null,
        0,
        0,
        0,
        null,
        2,
        2,
        2,
        null,
        2,
        null,
        2,
        null,
        null
      ],
      "/Users/kade/Desktop/autograder/app/helpers/quiz_free_response_questions_helper.rb": [
        1,
        null
      ],
      "/Users/kade/Desktop/autograder/app/helpers/quiz_multiple_choice_questions_helper.rb": [
        1,
        null
      ],
      "/Users/kade/Desktop/autograder/app/helpers/quiz_questions_helper.rb": [
        1,
        1,
        6,
        6,
        12,
        12,
        null,
        6,
        null,
        null,
        1,
        0,
        0,
        0,
        0,
        null,
        0,
        null,
        null,
        null,
        1,
        0,
        null,
        null
      ],
      "/Users/kade/Desktop/autograder/app/helpers/quiz_submissions_helper.rb": [
        1,
        null
      ],
      "/Users/kade/Desktop/autograder/app/helpers/quizzes_helper.rb": [
        1,
        1,
        0,
        null,
        null
      ],
      "/Users/kade/Desktop/autograder/app/helpers/submissions_helper.rb": [
        1,
        null
      ],
      "/Users/kade/Desktop/autograder/app/models/student.rb": [
        1,
        1,
        null,
        1,
        null,
        1,
        1,
        1,
        104,
        104,
        null,
        null,
        1,
        0,
        null,
        null,
        1,
        24,
        24,
        null,
        24,
        null,
        0,
        null,
        24,
        null,
        null,
        1,
        19,
        19,
        null,
        19,
        null,
        4,
        null,
        19,
        null,
        null,
        1,
        0,
        null,
        null,
        1,
        22,
        22,
        null,
        22,
        6,
        1,
        null,
        null,
        null,
        9,
        null,
        null,
        22,
        null,
        null,
        1,
        19,
        19,
        null,
        19,
        3,
        0,
        null,
        null,
        null,
        4,
        null,
        null,
        19,
        null,
        null,
        1,
        49,
        null,
        null,
        1,
        0,
        0,
        0,
        0,
        0,
        0,
        0,
        0,
        null,
        0,
        0,
        null,
        null,
        null,
        0,
        0,
        null,
        0,
        null,
        0,
        0,
        0,
        null,
        null,
        1,
        12,
        12,
        12,
        12,
        12,
        12,
        12,
        0,
        0,
        0,
        null,
        0,
        0,
        0,
        0,
        0,
        0,
        null,
        0,
        null,
        null,
        0,
        null,
        null,
        null,
        0,
        0,
        0,
        null,
        0,
        0,
        0,
        0,
        0,
        null,
        null,
        null,
        null,
        0,
        0,
        null,
        0,
        0,
        null,
        null,
        null,
        12,
        12,
        12,
        null,
        null,
        1,
        12,
        12,
        12,
        12,
        0,
        0,
        0,
        0,
        0,
        0,
        null,
        null,
        0,
        0,
        null,
        null,
        null,
        12,
        null,
        null,
        1,
        1,
        1,
        null,
        1,
        1,
        1,
        null,
        null,
        null
      ],
      "/Users/kade/Desktop/autograder/app/controllers/admin/courses_controller.rb": [
        1,
        1,
        null,
        1,
        null,
        null,
        null,
        1,
        33,
        33,
        32,
        null,
        1,
        1,
        null,
        33,
        32,
        32,
        null,
        1,
        1,
        null,
        33,
        null,
        null,
        null,
        null,
        null,
        null,
        null,
        null,
        null,
        null,
        null,
        null,
        null,
        null,
        null,
        1,
        5,
        5,
        5,
        null,
        null,
        null,
        1,
        1,
        null,
        null,
        null,
        1,
        null,
        null,
        null,
        null,
        1,
        1,
        null,
        1,
        null,
        1,
        1,
        2,
        1,
        null,
        0,
        0,
        null,
        null,
        null,
        null,
        null,
        null,
        1,
        1,
        1,
        2,
        1,
        null,
        0,
        0,
        null,
        null,
        null,
        null,
        null,
        null,
        1,
        1,
        1,
        2,
        1,
        null,
        null,
        null,
        null,
        1,
        0,
        0,
        0,
        0,
        0,
        0,
        0,
        0,
        null,
        0,
        null,
        null,
        0,
        null,
        null,
        null,
        1,
        null,
        1,
        8,
        null,
        null,
        null,
        1,
        2,
        null,
        null
      ],
      "/Users/kade/Desktop/autograder/app/models/course.rb": [
        1,
        1,
        null,
        1,
        16,
        16,
        null,
        null,
        1,
        6,
        null,
        null,
        1,
        17,
        17,
        null,
        null,
        null,
        1,
        0,
        null,
        null,
        1,
        27,
        null,
        null,
        1,
        1,
        1,
        1,
        1,
        null,
        null
      ],
      "/Users/kade/Desktop/autograder/app/models/course_user_relation.rb": [
        1,
        null,
        1,
        7,
        7,
        7,
        7,
        7,
        7,
        null,
        null,
        null,
        null,
        null,
        null,
        null,
        1,
        3,
        3,
        0,
        null,
        null,
        null,
        null,
        1,
        1,
        1,
        0,
        null,
        null,
        null
      ],
      "/Users/kade/Desktop/autograder/app/models/course_problem_relation.rb": [
        1,
        null,
        1,
        5,
        5,
        5,
        5,
        5,
        5,
        null,
        null,
        null,
        null,
        null,
        null,
        null,
        1,
        3,
        3,
        0,
        null,
        null,
        null,
        null,
        1,
        1,
        1,
        0,
        null,
        null,
        null
      ],
      "/Users/kade/Desktop/autograder/app/models/problem.rb": [
        1,
        1,
        null,
        1,
        20,
        20,
        null,
        null,
        1,
        2,
        null,
        null,
        1,
        1,
        1,
        1,
        1,
        null,
        null
      ],
      "/Users/kade/Desktop/autograder/app/models/quiz.rb": [
        1,
        1,
        null,
        1,
        2,
        null,
        null,
        1,
        3,
        null,
        null,
        1,
        0,
        0,
        0,
        0,
        null,
        null,
        0,
        null,
        null,
        1,
        1,
        1,
        null,
        null
      ],
      "/Users/kade/Desktop/autograder/app/controllers/home_controller.rb": [
        1,
        null,
        1,
        19,
        null,
        19,
        19,
        19,
        null,
        null,
        19,
        2,
        1,
        null,
        null,
        null,
        19,
        19,
        null,
        null,
        19,
        1,
        1,
        null,
        null,
        null,
        19,
        19,
        null,
        19,
        null,
        19,
        1,
        1,
        1,
        null,
        null,
        1,
        0,
        null,
        1,
        null,
        null,
        null,
        null
      ],
      "/Users/kade/Desktop/autograder/app/models/submission.rb": [
        1,
        1,
        4,
        null,
        null,
        1,
        3,
        null,
        null,
        1,
        8,
        null,
        null,
        1,
        0,
        null,
        null
      ],
      "/Users/kade/Desktop/autograder/app/models/quiz_question.rb": [
        1,
        null,
        1,
        3,
        null,
        0,
        null,
        3,
        null,
        null,
        null,
        null,
        null,
        1,
        1,
        null,
        null,
        1,
        0,
        null,
        null,
        1,
        1,
        null,
        null,
        1,
        12,
        null,
        null
      ],
      "/Users/kade/Desktop/autograder/app/models/quiz_free_response_question.rb": [
        1,
        1,
        1,
        null,
        null
      ],
      "/Users/kade/Desktop/autograder/app/controllers/problems_controller.rb": [
        1,
        1,
        1,
        null,
        1,
        null,
        1,
        null,
        null,
        null,
        1,
        3,
        3,
        null,
        null,
        null,
        null,
        1,
        4,
        4,
        null,
        null,
        null,
        1,
        1,
        null,
        1,
        1,
        0,
        null,
        1,
        1,
        1,
        null,
        null,
        null,
        null,
        1,
        null,
        null,
        null,
        null,
        null,
        null,
        null,
        null,
        1,
        1,
        null,
        null,
        null,
        null,
        1,
        1,
        null,
        1,
        1,
        0,
        null,
        1,
        1,
        1,
        null,
        null,
        null,
        null,
        1,
        null,
        null,
        null,
        null,
        null,
        null,
        null,
        null,
        1,
        1,
        null,
        null,
        null,
        1,
        4,
        4,
        4,
        2,
        null,
        null,
        null,
        null,
        null,
        null,
        2,
        2,
        null,
        null,
        null,
        2,
        null,
        4,
        null,
        4,
        null,
        null,
        null,
        1,
        2,
        2,
        2,
        2,
        null,
        2,
        2,
        2,
        2,
        null,
        null,
        null,
        2,
        null,
        null,
        1,
        0,
        0,
        null,
        null,
        null,
        null,
        null,
        1,
        null,
        1,
        6,
        null,
        null,
        null,
        1,
        0,
        null,
        null
      ],
      "/Users/kade/Desktop/autograder/app/controllers/admin/problems_controller.rb": [
        1,
        1,
        null,
        null,
        null,
        1,
        7,
        null,
        null,
        null,
        null,
        1,
        11,
        11,
        11,
        null,
        null,
        null,
        null,
        1,
        1,
        null,
        1,
        1,
        null,
        1,
        0,
        null,
        null,
        null,
        null,
        1,
        1,
        1,
        1,
        1,
        0,
        null,
        null,
        null,
        null,
        null,
        1,
        1,
        null,
        1,
        1,
        1,
        null,
        null,
        null,
        2,
        1,
        null,
        0,
        0,
        null,
        null,
        null,
        null,
        null,
        null,
        1,
        1,
        null,
        1,
        1,
        2,
        1,
        null,
        0,
        0,
        null,
        null,
        null,
        null,
        null,
        null,
        1,
        1,
        1,
        2,
        1,
        null,
        null,
        null,
        1,
        null,
        null,
        1,
        null,
        1,
        14,
        null,
        null,
        null,
        1,
        2,
        null,
        null,
        1,
        null,
        2,
        2,
        2,
        0,
        0,
        0,
        null,
        null,
        null,
        null
      ],
      "/Users/kade/Desktop/autograder/app/models/problem_test_case.rb": [
        1,
        null
      ],
      "/Users/kade/Desktop/autograder/app/controllers/admin/problem_test_cases_controller.rb": [
        1,
        1,
        null,
        null,
        null,
        null,
        null,
        null,
        null,
        null,
        null,
        null,
        null,
        null,
        null,
        null,
        null,
        1,
        1,
        1,
        null,
        null,
        null,
        1,
        1,
        1,
        null,
        null,
        null,
        null,
        1,
        1,
        1,
        null,
        1,
        1,
        2,
        1,
        null,
        0,
        0,
        null,
        null,
        null,
        null,
        null,
        null,
        1,
        1,
        1,
        1,
        2,
        1,
        null,
        0,
        0,
        null,
        null,
        null,
        null,
        null,
        null,
        1,
        1,
        1,
        1,
        2,
        1,
        null,
        null,
        null,
        1,
        null,
        1,
        3,
        null,
        null,
        null,
        1,
        4,
        null,
        null
      ],
      "/Users/kade/Desktop/autograder/app/controllers/quizzes_controller.rb": [
        1,
        1,
        null,
        null,
        null,
        1,
        2,
        2,
        2,
        null,
        2,
        null,
        5,
        null,
        4,
        2,
        2,
        1,
        null,
        null,
        null,
        null,
        null,
        1,
        null,
        null,
        1,
        null,
        1,
        1,
        null,
        null,
        null,
        1,
        0,
        null,
        null
      ],
      "/Users/kade/Desktop/autograder/app/models/quiz_submission.rb": [
        1,
        1,
        null,
        1,
        0,
        null,
        null,
        1,
        0,
        null,
        null,
        1,
        0,
        null,
        null,
        1,
        2,
        4,
        null,
        null,
        1,
        0,
        0,
        0,
        0,
        null,
        null,
        0,
        null,
        null,
        null,
        1,
        0,
        null,
        null,
        1,
        0,
        0,
        null,
        0,
        null,
        null,
        null,
        1,
        1,
        0,
        null,
        null
      ],
      "/Users/kade/Desktop/autograder/app/controllers/quiz_submissions_controller.rb": [
        1,
        1,
        null,
        null,
        null,
        1,
        0,
        0,
        null,
        null,
        null,
        null,
        1,
        1,
        1,
        1,
        1,
        1,
        1,
        null,
        null,
        null,
        null,
        1,
        1,
        0,
        null,
        1,
        null,
        1,
        1,
        1,
        1,
        null,
        null,
        null,
        1,
        0,
        null,
        null,
        null,
        null,
        1,
        1,
        null,
        1,
        1,
        null,
        1,
        1,
        1,
        null,
        null,
        null,
        null,
        null,
        null,
        1,
        0,
        0,
        null,
        0,
        null,
        null,
        null,
        1,
        1,
        null,
        null,
        2,
        1,
        null,
        0,
        0,
        null,
        null,
        null,
        null,
        null,
        null,
        1,
        null,
        null,
        null,
        null,
        null,
        null,
        null,
        null,
        null,
        null,
        null,
        null,
        null,
        null,
        null,
        1,
        null,
        null,
        null,
        null,
        null,
        null,
        null,
        null,
        null,
        null,
        1,
        null,
        1,
        1,
        null,
        null,
        null,
        1,
        1,
        null,
        null,
        1,
        0,
        null,
        null,
        1,
        1,
        0,
        null,
        null,
        null
      ],
      "/Users/kade/Desktop/autograder/app/models/quiz_submission_started.rb": [
        1,
        null,
        1,
        1,
        null,
        null
      ],
      "/Users/kade/Desktop/autograder/app/models/quiz_student_answer.rb": [
        1,
        1,
        0,
        null,
        null,
        1,
        4,
        null,
        null,
        1,
        0,
        null,
        null,
        1,
        0,
        null,
        null,
        1,
        0,
        null,
        null,
        null,
        1,
        1,
        0,
        0,
        0,
        0,
        null,
        0,
        null,
        null,
        1,
        null,
        null,
        null,
        1,
        0,
        null,
        null
      ],
      "/Users/kade/Desktop/autograder/app/controllers/admin/quizzes_controller.rb": [
        1,
        1,
        null,
        null,
        null,
        1,
        8,
        8,
        4,
        null,
        1,
        null,
        3,
        null,
        null,
        8,
        8,
        8,
        null,
        4,
        null,
        null,
        null,
        null,
        null,
        1,
        6,
        null,
        6,
        6,
        null,
        null,
        null,
        null,
        6,
        6,
        6,
        6,
        6,
        0,
        0,
        0,
        null,
        0,
        null,
        null,
        null,
        null,
        null,
        1,
        3,
        3,
        null,
        null,
        null,
        1,
        1,
        null,
        null,
        null,
        null,
        1,
        3,
        null,
        3,
        3,
        6,
        3,
        null,
        0,
        0,
        null,
        null,
        null,
        null,
        null,
        null,
        1,
        1,
        1,
        2,
        1,
        null,
        0,
        0,
        null,
        null,
        null,
        null,
        null,
        null,
        1,
        null,
        1,
        1,
        0,
        0,
        null,
        1,
        1,
        2,
        1,
        null,
        null,
        null,
        1,
        null,
        1,
        9,
        null,
        null,
        null,
        1,
        4,
        null,
        null
      ],
      "/Users/kade/Desktop/autograder/app/controllers/admin/students_controller.rb": [
        1,
        1,
        null,
        1,
        1,
        null,
        null,
        null,
        1,
        null,
        null,
        19,
        null,
        null,
        null,
        1,
        0,
        null,
        1,
        null,
        null,
        null,
        9,
        null,
        3,
        null,
        6,
        null,
        null,
        19,
        19,
        null,
        19,
        null,
        18,
        18,
        12,
        null,
        null,
        null,
        null,
        18,
        null,
        15,
        null,
        null,
        null,
        19,
        2,
        null,
        null,
        null,
        null,
        null,
        null,
        null,
        null,
        null,
        null,
        null,
        null,
        null,
        null,
        1,
        2,
        1,
        1,
        1,
        null,
        0,
        null,
        null,
        2,
        null,
        null,
        null,
        null,
        null,
        1,
        null,
        6,
        null,
        6,
        6,
        null,
        6,
        null,
        6,
        null,
        null,
        null,
        1,
        null,
        0,
        null,
        0,
        null,
        null,
        0,
        null,
        null,
        null,
        null,
        null,
        null,
        null,
        null,
        null,
        null,
        1,
        1,
        1,
        null,
        null,
        1,
        1,
        null,
        0,
        null,
        null,
        null,
        null,
        null,
        1,
        1,
        null,
        null,
        null,
        null,
        null,
        null,
        null,
        null,
        null,
        1,
        1,
        1,
        1,
        1,
        0,
        null,
        null,
        null,
        null,
        null,
        1,
        1,
        null,
        1,
        1,
        1,
        2,
        1,
        null,
        0,
        0,
        null,
        null,
        null,
        null,
        null,
        null,
        1,
        1,
        1,
        1,
        1,
        1,
        2,
        1,
        null,
        0,
        0,
        null,
        null,
        null,
        null,
        null,
        null,
        1,
        1,
        1,
        2,
        1,
        null,
        null,
        null,
        1,
        null,
        1,
        9,
        null,
        null,
        null,
        1,
        2,
        null,
        null,
        1,
        null,
        2,
        2,
        2,
        0,
        0,
        0,
        null,
        null,
        null,
        null
      ]
    },
    "timestamp": 1462336599
  }
}
