{
  "Cucumber Features": {
    "coverage": {
      "/Users/kade/Desktop/autograder/app/controllers/login_controller.rb": [
        1,
        1,
        null,
        1,
        null,
        null,
        1,
        12,
        12,
        0,
        0,
        null,
        10,
        10,
        10,
        null,
        2,
        2,
        null,
        null,
        12,
        0,
        0,
        null,
        null,
        null,
        null
      ],
      "/Users/kade/Desktop/autograder/app/controllers/application_controller.rb": [
        1,
        null,
        1,
        null,
        null,
        null,
        1,
        null,
        null,
        1,
        null,
        65,
        0,
        null,
        null,
        65,
        0,
        null,
        null,
        null,
        1,
        null,
        null,
        null,
        null
      ],
      "/Users/kade/Desktop/autograder/app/helpers/application_helper.rb": [
        1,
        null
      ],
      "/Users/kade/Desktop/autograder/app/helpers/admin_helper.rb": [
        1,
        null
      ],
      "/Users/kade/Desktop/autograder/app/helpers/courses_helper.rb": [
        1,
        null
      ],
      "/Users/kade/Desktop/autograder/app/helpers/home_helper.rb": [
        1,
        null
      ],
      "/Users/kade/Desktop/autograder/app/helpers/login_helper.rb": [
        1,
        null,
        1,
        0,
        null,
        null,
        1,
        0,
        null,
        null,
        1,
        41,
        null,
        null,
        1,
        10,
        null,
        null,
        1,
        0,
        null,
        null,
        1,
        82,
        null,
        null,
        null
      ],
      "/Users/kade/Desktop/autograder/app/helpers/problem_test_cases_helper.rb": [
        1,
        null
      ],
      "/Users/kade/Desktop/autograder/app/helpers/problems_helper.rb": [
        1,
        null
      ],
      "/Users/kade/Desktop/autograder/app/helpers/students_helper.rb": [
        1,
        null
      ],
      "/Users/kade/Desktop/autograder/app/models/student.rb": [
        1,
        null
      ],
      "/Users/kade/Desktop/autograder/app/controllers/courses_controller.rb": [
        1,
        1,
        null,
        null,
        null,
        1,
        15,
        null,
        null,
        null,
        null,
        1,
        null,
        null,
        null,
        1,
        1,
        null,
        null,
        null,
        1,
        null,
        null,
        null,
        null,
        1,
        1,
        null,
        1,
        1,
        2,
        1,
        null,
        0,
        0,
        null,
        null,
        null,
        null,
        null,
        null,
        1,
        1,
        1,
        2,
        1,
        null,
        0,
        0,
        null,
        null,
        null,
        null,
        null,
        null,
        1,
        1,
        1,
        2,
        1,
        null,
        null,
        null,
        1,
        null,
        1,
        6,
        null,
        null,
        null,
        1,
        2,
        null,
        null
      ],
      "/Users/kade/Desktop/autograder/app/models/course.rb": [
        1,
        null
      ],
      "/Users/kade/Desktop/autograder/app/models/problem.rb": [
        1,
        null
      ],
      "/Users/kade/Desktop/autograder/app/controllers/problems_controller.rb": [
        1,
        1,
        null,
        null,
        null,
        1,
        5,
        null,
        null,
        null,
        null,
        1,
        6,
        6,
        null,
        null,
        null,
        1,
        1,
        null,
        null,
        null,
        1,
        null,
        null,
        null,
        null,
        1,
        1,
        null,
        1,
        1,
        2,
        1,
        null,
        0,
        0,
        null,
        null,
        null,
        null,
        null,
        null,
        1,
        1,
        1,
        2,
        1,
        null,
        0,
        0,
        null,
        null,
        null,
        null,
        null,
        null,
        1,
        1,
        1,
        2,
        1,
        null,
        null,
        null,
        1,
        null,
        1,
        9,
        null,
        null,
        null,
        1,
        2,
        null,
        null
      ],
      "/Users/kade/Desktop/autograder/app/models/problem_test_case.rb": [
        1,
        null
      ],
      "/Users/kade/Desktop/autograder/app/controllers/problem_test_cases_controller.rb": [
        1,
        1,
        null,
        null,
        null,
        1,
        0,
        0,
        null,
        null,
        null,
        null,
        1,
        0,
        null,
        null,
        null,
        1,
        1,
        null,
        null,
        null,
        1,
        null,
        null,
        null,
        null,
        1,
        1,
        1,
        null,
        1,
        1,
        2,
        1,
        null,
        0,
        0,
        null,
        null,
        null,
        null,
        null,
        null,
        1,
        0,
        0,
        0,
        0,
        0,
        null,
        0,
        0,
        null,
        null,
        null,
        null,
        null,
        null,
        1,
        0,
        0,
        0,
        0,
        0,
        null,
        null,
        null,
        1,
        null,
        1,
        0,
        null,
        null,
        null,
        1,
        2,
        null,
        null
      ],
      "/Users/kade/Desktop/autograder/app/controllers/admin_controller.rb": [
        0,
        0,
        0,
        0
      ],
      "/Users/kade/Desktop/autograder/app/controllers/home_controller.rb": [
        0,
        0,
        0,
        0
      ],
      "/Users/kade/Desktop/autograder/app/controllers/students_controller.rb": [
        0,
        0,
        0,
        0,
        0,
        0,
        0,
        0,
        0,
        0,
        0,
        0,
        0,
        0,
        0,
        0,
        0,
        0,
        0,
        0,
        0,
        0,
        0,
        0,
        0,
        0,
        0,
        0,
        0,
        0,
        0,
        0,
        0,
        0,
        0,
        0,
        0,
        0,
        0,
        0,
        0,
        0,
        0,
        0,
        0,
        0,
        0,
        0,
        0,
        0,
        0,
        0,
        0,
        0,
        0,
        0,
        0,
        0,
        0,
        0,
        0,
        0,
        0,
        0,
        0,
        0,
        0,
        0,
        0,
        0,
        0,
        0,
        0,
        0
      ]
    },
    "timestamp": 1459312233
  },
  "RSpec": {
    "coverage": {
      "/Users/kade/Desktop/autograder/app/helpers/admin_helper.rb": [
        1,
        null
      ],
      "/Users/kade/Desktop/autograder/app/helpers/application_helper.rb": [
        1,
        null
      ],
      "/Users/kade/Desktop/autograder/app/helpers/courses_helper.rb": [
        1,
        null
      ],
      "/Users/kade/Desktop/autograder/app/helpers/home_helper.rb": [
        1,
        null
      ],
      "/Users/kade/Desktop/autograder/app/helpers/login_helper.rb": [
        1,
        null,
        1,
        1,
        null,
        null,
        1,
        1,
        null,
        null,
        1,
        2,
        null,
        null,
        1,
        1,
        null,
        null,
        1,
        1,
        null,
        null,
        1,
        3,
        null,
        null,
        null
      ],
      "/Users/kade/Desktop/autograder/app/helpers/problem_test_cases_helper.rb": [
        1,
        null
      ],
      "/Users/kade/Desktop/autograder/app/helpers/problems_helper.rb": [
        1,
        null
      ],
      "/Users/kade/Desktop/autograder/app/helpers/students_helper.rb": [
        1,
        null
      ],
      "/Users/kade/Desktop/autograder/app/controllers/application_controller.rb": [
        1,
        null,
        1,
        null,
        null,
        null,
        1,
        null,
        null,
        1,
        null,
        4,
        1,
        null,
        null,
        3,
        1,
        null,
        null,
        null,
        1,
        null,
        null,
        null,
        null
      ],
      "/Users/kade/Desktop/autograder/app/controllers/login_controller.rb": [
        1,
        1,
        null,
        1,
        null,
        null,
        1,
        2,
        2,
        0,
        0,
        2,
        0,
        0,
        0,
        null,
        2,
        2,
        null,
        null,
        null,
        null,
        null,
        null,
        null,
        null,
        null
      ],
      "/Users/kade/Desktop/autograder/app/models/student.rb": [
        1,
        null
      ],
      "/Users/kade/Desktop/autograder/app/controllers/admin_controller.rb": [
        0,
        0,
        0,
        0
      ],
      "/Users/kade/Desktop/autograder/app/controllers/courses_controller.rb": [
        0,
        0,
        0,
        0,
        0,
        0,
        0,
        0,
        0,
        0,
        0,
        0,
        0,
        0,
        0,
        0,
        0,
        0,
        0,
        0,
        0,
        0,
        0,
        0,
        0,
        0,
        0,
        0,
        0,
        0,
        0,
        0,
        0,
        0,
        0,
        0,
        0,
        0,
        0,
        0,
        0,
        0,
        0,
        0,
        0,
        0,
        0,
        0,
        0,
        0,
        0,
        0,
        0,
        0,
        0,
        0,
        0,
        0,
        0,
        0,
        0,
        0,
        0,
        0,
        0,
        0,
        0,
        0,
        0,
        0,
        0,
        0,
        0,
        0
      ],
      "/Users/kade/Desktop/autograder/app/controllers/home_controller.rb": [
        0,
        0,
        0,
        0
      ],
      "/Users/kade/Desktop/autograder/app/controllers/problem_test_cases_controller.rb": [
        0,
        0,
        0,
        0,
        0,
        0,
        0,
        0,
        0,
        0,
        0,
        0,
        0,
        0,
        0,
        0,
        0,
        0,
        0,
        0,
        0,
        0,
        0,
        0,
        0,
        0,
        0,
        0,
        0,
        0,
        0,
        0,
        0,
        0,
        0,
        0,
        0,
        0,
        0,
        0,
        0,
        0,
        0,
        0,
        0,
        0,
        0,
        0,
        0,
        0,
        0,
        0,
        0,
        0,
        0,
        0,
        0,
        0,
        0,
        0,
        0,
        0,
        0,
        0,
        0,
        0,
        0,
        0,
        0,
        0,
        0,
        0,
        0,
        0,
        0,
        0,
        0,
        0,
        0
      ],
      "/Users/kade/Desktop/autograder/app/controllers/problems_controller.rb": [
        0,
        0,
        0,
        0,
        0,
        0,
        0,
        0,
        0,
        0,
        0,
        0,
        0,
        0,
        0,
        0,
        0,
        0,
        0,
        0,
        0,
        0,
        0,
        0,
        0,
        0,
        0,
        0,
        0,
        0,
        0,
        0,
        0,
        0,
        0,
        0,
        0,
        0,
        0,
        0,
        0,
        0,
        0,
        0,
        0,
        0,
        0,
        0,
        0,
        0,
        0,
        0,
        0,
        0,
        0,
        0,
        0,
        0,
        0,
        0,
        0,
        0,
        0,
        0,
        0,
        0,
        0,
        0,
        0,
        0,
        0,
        0,
        0,
        0,
        0,
        0
      ],
      "/Users/kade/Desktop/autograder/app/controllers/students_controller.rb": [
        0,
        0,
        0,
        0,
        0,
        0,
        0,
        0,
        0,
        0,
        0,
        0,
        0,
        0,
        0,
        0,
        0,
        0,
        0,
        0,
        0,
        0,
        0,
        0,
        0,
        0,
        0,
        0,
        0,
        0,
        0,
        0,
        0,
        0,
        0,
        0,
        0,
        0,
        0,
        0,
        0,
        0,
        0,
        0,
        0,
        0,
        0,
        0,
        0,
        0,
        0,
        0,
        0,
        0,
        0,
        0,
        0,
        0,
        0,
        0,
        0,
        0,
        0,
        0,
        0,
        0,
        0,
        0,
        0,
        0,
        0,
        0,
        0,
        0
      ],
      "/Users/kade/Desktop/autograder/app/models/course.rb": [
        0,
        0
      ],
      "/Users/kade/Desktop/autograder/app/models/problem.rb": [
        0,
        0
      ],
      "/Users/kade/Desktop/autograder/app/models/problem_test_case.rb": [
        0,
        0
      ]
    },
    "timestamp": 1459312298
  }
}
